<?xml version="1.0" encoding="UTF-8"?>
<!-- Generated by org.testng.reporters.JUnitReportReporter -->
<testsuite hostname="TYSS-Chandana-M" failures="0" tests="1" name="package_01.Class_01" time="6.283" errors="0" timestamp="2024-03-18T12:25:45 IST" skipped="0">
  <testcase classname="package_01.Class_01" name="login" time="6.283"/>
  <system-out/>
</testsuite> <!-- package_01.Class_01 -->
