<?xml version="1.0" encoding="UTF-8"?>
<!-- Generated by org.testng.reporters.JUnitReportReporter -->
<testsuite hostname="TYSS-Chandana-M" failures="0" tests="1" name="package_01.Class_01" time="9.234" errors="0" timestamp="2024-04-02T09:58:19 IST" skipped="0">
  <testcase classname="package_01.Class_01" name="login" time="9.234"/>
  <system-out/>
</testsuite> <!-- package_01.Class_01 -->
